<?xml version="1.0" encoding="UTF-8"?>
<!-- Generated by org.testng.reporters.JUnitXMLReporter -->
<testsuite hostname="mkrishnan" ignored="25" tests="0" failures="0" timestamp="25 Apr 2019 08:48:07 GMT" time="0.09" errors="0">
  <testcase name="getAllDriversDispatchModule" time="0.0" classname="apitests.com.avlview.app.GETMethods.getAllDriversDispatchModuleTest">
    <ignored/>
  </testcase> <!-- getAllDriversDispatchModule -->
  <testcase name="removeTask" time="0.0" classname="apitests.com.avlview.app.GETMethods.removeTaskTest">
    <ignored/>
  </testcase> <!-- removeTask -->
  <testcase name="getdevices" time="0.0" classname="apitests.com.avlview.app.GETMethods.getdevicesTest">
    <ignored/>
  </testcase> <!-- getdevices -->
  <testcase name="getmovingvehicles" time="0.0" classname="apitests.com.avlview.app.GETMethods.getmovingvehiclesTest">
    <ignored/>
  </testcase> <!-- getmovingvehicles -->
  <testcase name="getavlcountrylist" time="0.0" classname="apitests.com.avlview.app.GETMethods.getavlcountrylistTest">
    <ignored/>
  </testcase> <!-- getavlcountrylist -->
  <testcase name="getvehicletypes" time="0.0" classname="apitests.com.avlview.app.GETMethods.getvehicletypesTest">
    <ignored/>
  </testcase> <!-- getvehicletypes -->
  <testcase name="getorgunits" time="0.0" classname="apitests.com.avlview.app.GETMethods.getorgunitsTest">
    <ignored/>
  </testcase> <!-- getorgunits -->
  <testcase name="getplans" time="0.0" classname="apitests.com.avlview.app.GETMethods.getplansTest">
    <ignored/>
  </testcase> <!-- getplans -->
  <testcase name="getvehiclesoutofnetwork" time="0.0" classname="apitests.com.avlview.app.GETMethods.getvehiclesoutofnetworkTest">
    <ignored/>
  </testcase> <!-- getvehiclesoutofnetwork -->
  <testcase name="getvehiclemakes" time="0.0" classname="apitests.com.avlview.app.GETMethods.getvehiclemakesTest">
    <ignored/>
  </testcase> <!-- getvehiclemakes -->
  <testcase name="getvehiclesnapshotinaccount" time="0.0" classname="apitests.com.avlview.app.GETMethods.getvehiclesnapshotinaccountTest">
    <ignored/>
  </testcase> <!-- getvehiclesnapshotinaccount -->
  <testcase name="getAllDriverDispatchTasks" time="0.0" classname="apitests.com.avlview.app.GETMethods.getAllDriverDispatchTasksTest">
    <ignored/>
  </testcase> <!-- getAllDriverDispatchTasks -->
  <testcase name="getvehiclesubscriptions" time="0.0" classname="apitests.com.avlview.app.GETMethods.getvehiclesubscriptionsTest">
    <ignored/>
  </testcase> <!-- getvehiclesubscriptions -->
  <testcase name="getvehiclemodels" time="0.0" classname="apitests.com.avlview.app.GETMethods.getvehiclemodelsTest">
    <ignored/>
  </testcase> <!-- getvehiclemodels -->
  <testcase name="getDealerVehicleSnapshot" time="0.0" classname="apitests.com.avlview.app.GETMethods.getDealerVehicleSnapshotTest">
    <ignored/>
  </testcase> <!-- getDealerVehicleSnapshot -->
  <testcase name="getdrivers" time="0.0" classname="apitests.com.avlview.app.GETMethods.getdriversTest">
    <ignored/>
  </testcase> <!-- getdrivers -->
  <testcase name="getvehicleoverview" time="0.0" classname="apitests.com.avlview.app.GETMethods.getvehicleoverviewTest">
    <ignored/>
  </testcase> <!-- getvehicleoverview -->
  <testcase name="getVehicleRawDetails" time="0.0" classname="apitests.com.avlview.app.GETMethods.getVehicleRawDetailsTest">
    <ignored/>
  </testcase> <!-- getVehicleRawDetails -->
  <testcase name="getvehicles" time="0.0" classname="apitests.com.avlview.app.GETMethods.getvehiclesTest">
    <ignored/>
  </testcase> <!-- getvehicles -->
  <testcase name="updateodometer" time="0.0" classname="apitests.com.avlview.app.GETMethods.updateodometerTest">
    <ignored/>
  </testcase> <!-- updateodometer -->
  <testcase name="getdisconnectedVehicles" time="0.0" classname="apitests.com.avlview.app.GETMethods.getdisconnectedVehiclesTest">
    <ignored/>
  </testcase> <!-- getdisconnectedVehicles -->
  <testcase name="getTransportationAlerts" time="0.0" classname="apitests.com.avlview.app.GETMethods.getTransportationAlertsTest">
    <ignored/>
  </testcase> <!-- getTransportationAlerts -->
  <testcase name="getstoppedvehicles" time="0.0" classname="apitests.com.avlview.app.GETMethods.getstoppedvehiclesTest">
    <ignored/>
  </testcase> <!-- getstoppedvehicles -->
  <testcase name="getvehiclegroups" time="0.0" classname="apitests.com.avlview.app.GETMethods.getvehiclegroupsTest">
    <ignored/>
  </testcase> <!-- getvehiclegroups -->
  <testcase name="gettimezones" time="0.0" classname="apitests.com.avlview.app.GETMethods.gettimezonesTest">
    <ignored/>
  </testcase> <!-- gettimezones -->
</testsuite>
