<?xml version="1.0" encoding="UTF-8"?>
<!-- Generated by org.testng.reporters.JUnitXMLReporter -->
<testsuite hostname="mkrishnan" ignored="1" name="Get Requests" tests="24" failures="0" timestamp="08 Mar 2019 09:59:33 GMT" time="88.496" errors="0">
  <testcase name="getvehiclemakes" time="1.744" classname="apitests.com.avlview.app.GETMethods.getvehiclemakesTest"/>
  <testcase name="updateodometer" time="60.553" classname="apitests.com.avlview.app.GETMethods.updateodometerTest"/>
  <testcase name="getvehiclemodels" time="0.539" classname="apitests.com.avlview.app.GETMethods.getvehiclemodelsTest"/>
  <testcase name="getdevices" time="0.552" classname="apitests.com.avlview.app.GETMethods.getdevicesTest"/>
  <testcase name="getvehicletypes" time="0.527" classname="apitests.com.avlview.app.GETMethods.getvehicletypesTest"/>
  <testcase name="gettimezones" time="0.538" classname="apitests.com.avlview.app.GETMethods.gettimezonesTest"/>
  <testcase name="getvehiclegroups" time="0.519" classname="apitests.com.avlview.app.GETMethods.getvehiclegroupsTest"/>
  <testcase name="getdrivers" time="0.791" classname="apitests.com.avlview.app.GETMethods.getdriversTest"/>
  <testcase name="getvehiclesubscriptions" time="2.127" classname="apitests.com.avlview.app.GETMethods.getvehiclesubscriptionsTest"/>
  <testcase name="getavlcountrylist" time="0.81" classname="apitests.com.avlview.app.GETMethods.getavlcountrylistTest"/>
  <testcase name="getplans" time="0.564" classname="apitests.com.avlview.app.GETMethods.getplansTest"/>
  <testcase name="getvehicles" time="0.845" classname="apitests.com.avlview.app.GETMethods.getvehiclesTest"/>
  <testcase name="getvehicleoverview" time="1.727" classname="apitests.com.avlview.app.GETMethods.getvehicleoverviewTest"/>
  <testcase name="getvehiclesnapshotinaccount" time="0.586" classname="apitests.com.avlview.app.GETMethods.getvehiclesnapshotinaccountTest"/>
  <testcase name="getstoppedvehicles" time="0.578" classname="apitests.com.avlview.app.GETMethods.getstoppedvehiclesTest"/>
  <testcase name="getmovingvehicles" time="0.76" classname="apitests.com.avlview.app.GETMethods.getmovingvehiclesTest"/>
  <testcase name="getdisconnectedVehicles" time="0.916" classname="apitests.com.avlview.app.GETMethods.getdisconnectedVehiclesTest"/>
  <testcase name="getvehiclesoutofnetwork" time="0.579" classname="apitests.com.avlview.app.GETMethods.getvehiclesoutofnetworkTest"/>
  <testcase name="getTransportationAlerts" time="0.886" classname="apitests.com.avlview.app.GETMethods.getTransportationAlertsTest"/>
  <testcase name="getVehicleRawDetails" time="1.826" classname="apitests.com.avlview.app.GETMethods.getVehicleRawDetailsTest"/>
  <testcase name="getDealerVehicleSnapshot" time="8.728" classname="apitests.com.avlview.app.GETMethods.getDealerVehicleSnapshotTest"/>
  <testcase name="getorgunits" time="0.524" classname="apitests.com.avlview.app.GETMethods.getorgunitsTest"/>
  <testcase name="getAllDriversDispatchModule" time="0.527" classname="apitests.com.avlview.app.GETMethods.getAllDriversDispatchModuleTest"/>
  <testcase name="getAllDriverDispatchTasks" time="0.531" classname="apitests.com.avlview.app.GETMethods.getAllDriverDispatchTasksTest"/>
  <testcase name="getAllDriverDispatchTasks" time="0.0" classname="apitests.com.avlview.app.GETMethods.removeTaskTest">
    <ignored/>
  </testcase> <!-- getAllDriverDispatchTasks -->
</testsuite> <!-- Get Requests -->
