<?xml version="1.0" encoding="UTF-8"?>
<!-- Generated by org.testng.reporters.JUnitXMLReporter -->
<testsuite hostname="mkrishnan" ignored="0" name="Post Requests" tests="32" failures="1" timestamp="06 Mar 2019 08:39:17 GMT" time="27.752" errors="0">
  <testcase name="getapnlistbycountryid" time="1.608" classname="apitests.com.avlview.app.POSTMethods.getapnlistbycountryidTest"/>
  <testcase name="getapnlistbyvehicleid" time="1.261" classname="apitests.com.avlview.app.POSTMethods.getapnlistbyvehicleidTest"/>
  <testcase name="getvehiclesbyplan" time="0.616" classname="apitests.com.avlview.app.POSTMethods.getvehiclesbyplanTest"/>
  <testcase name="getvehiclecurrentlocation" time="0.548" classname="apitests.com.avlview.app.POSTMethods.getvehiclecurrentlocationTest"/>
  <testcase name="getvehicleoverviewbyplan" time="1.735" classname="apitests.com.avlview.app.POSTMethods.getvehicleoverviewbyplanTest"/>
  <testcase name="getvehiclesnapshotinaccountbyplan" time="1.39" classname="apitests.com.avlview.app.POSTMethods.getvehiclesnapshotinaccountbyplanTest"/>
  <testcase name="getvehiclesnapshot" time="0.548" classname="apitests.com.avlview.app.POSTMethods.getvehiclesnapshotTest"/>
  <testcase name="getstoppedvehiclesbyplan" time="1.212" classname="apitests.com.avlview.app.POSTMethods.getstoppedvehiclesbyplanTest"/>
  <testcase name="getmovingvehiclesbyplan" time="0.603" classname="apitests.com.avlview.app.POSTMethods.getmovingvehiclesbyplanTest"/>
  <testcase name="getvehiclesoutofnetworkbyplan" time="0.597" classname="apitests.com.avlview.app.POSTMethods.getvehiclesoutofnetworkbyplanTest"/>
  <testcase name="getdisconnectedvehiclesbyplan" time="0.875" classname="apitests.com.avlview.app.POSTMethods.getdisconnectedvehiclesbyplanTest"/>
  <testcase name="getvehiclesnapshotbydate" time="0.539" classname="apitests.com.avlview.app.POSTMethods.getvehiclesnapshotbydateTest"/>
  <testcase name="getvehiclehistory" time="0.708" classname="apitests.com.avlview.app.POSTMethods.getvehiclehistoryTest"/>
  <testcase name="getnearbyvehicles" time="0.551" classname="apitests.com.avlview.app.POSTMethods.getnearbyvehiclesTest"/>
  <testcase name="getnearbyvehiclesbyplan" time="0.799" classname="apitests.com.avlview.app.POSTMethods.getnearbyvehiclesbyplanTest"/>
  <testcase name="getstoppagedetails" time="0.555" classname="apitests.com.avlview.app.POSTMethods.getstoppagedetailsTest"/>
  <testcase name="getvehiclesnapshotinaccountSG" time="0.547" classname="apitests.com.avlview.app.POSTMethods.getvehiclesnapshotinaccountSGTest"/>
  <testcase name="getWaypoints" time="0.544" classname="apitests.com.avlview.app.POSTMethods.getWaypointsTest"/>
  <testcase name="getAlertDetail" time="0.73" classname="apitests.com.avlview.app.POSTMethods.getAlertDetailTest"/>
  <testcase name="getTripDetails" time="0.605" classname="apitests.com.avlview.app.POSTMethods.getTripDetailsTest"/>
  <testcase name="getidlereport" time="0.567" classname="apitests.com.avlview.app.POSTMethods.getidlereportTest"/>
  <testcase name="getdailysummaryreport" time="1.343" classname="apitests.com.avlview.app.POSTMethods.getdailysummaryreportTest"/>
  <testcase name="getSummaryReport" time="1.183" classname="apitests.com.avlview.app.POSTMethods.getSummaryReportTest"/>
  <testcase name="getRawDataInTimeRange" time="0.894" classname="apitests.com.avlview.app.POSTMethods.getRawDataInTimeRangeTest"/>
  <testcase name="getactivevehiclesnapshotinaccountSG" time="0.861" classname="apitests.com.avlview.app.POSTMethods.getactivevehiclesnapshotinaccountSGTest"/>
  <testcase name="gettripdetailsSG" time="0.781" classname="apitests.com.avlview.app.POSTMethods.gettripdetailsSGTest"/>
  <testcase name="addgroup" time="0.569" classname="apitests.com.avlview.app.POSTMethods.addgroupTest"/>
  <testcase name="adddriver" time="0.567" classname="apitests.com.avlview.app.POSTMethods.adddriverTest"/>
  <testcase name="saveFenceZone" time="0.563" classname="apitests.com.avlview.app.POSTMethods.saveFenceZoneTest"/>
  <testcase name="addorgunit" time="0.554" classname="apitests.com.avlview.app.POSTMethods.addorgunitTest"/>
  <testcase name="createDriverDispatchTask" time="1.87" classname="apitests.com.avlview.app.POSTMethods.createDriverDispatchTaskTest"/>
  <testcase name="addvehicle" time="1.287" classname="apitests.com.avlview.app.POSTMethods.addvehicleTest">
    <failure type="java.lang.AssertionError" message="expected [200] but found [500]">
      <![CDATA[java.lang.AssertionError: expected [200] but found [500]
at apitests.com.avlview.app.POSTMethods.addvehicleTest.addvehicle(addvehicleTest.java:74)
... Removed 31 stack frames]]>
    </failure>
  </testcase> <!-- addvehicle -->
</testsuite> <!-- Post Requests -->
