<?xml version="1.0" encoding="UTF-8"?>
<!-- Generated by org.testng.reporters.JUnitXMLReporter -->
<testsuite hostname="DESKTOP-8607IQM" ignored="0" name="Test" tests="5" failures="0" timestamp="24 Jan 2019 17:45:12 GMT" time="6.658" errors="0">
  <testcase name="getAPITestWithHeaders" time="2.038" classname="apitests.com.avlview.app.GetdriversTest"/>
  <testcase name="getAPITestWithHeaders" time="0.616" classname="apitests.com.avlview.app.GetDisconnectedVehicles"/>
  <testcase name="getAPITestWithHeaders" time="0.735" classname="apitests.com.avlview.app.GetDevicesTest"/>
  <testcase name="getAPITestWithHeaders" time="0.581" classname="apitests.com.avlview.app.GetVehicleTypeTest"/>
  <testcase name="getAPITestWithHeaders" time="2.61" classname="apitests.com.avlview.app.GetavlCountrylistTest"/>
</testsuite> <!-- Test -->
