<?xml version="1.0" encoding="UTF-8"?>
<!-- Generated by org.testng.reporters.JUnitXMLReporter -->
<testsuite hostname="mkrishnan" ignored="0" name="Test" tests="21" failures="0" timestamp="05 Mar 2019 08:20:33 GMT" time="81.117" errors="0">
  <testcase name="getAPITestWithHeaders" time="1.694" classname="apitests.com.avlview.app.GETMethods.getvehiclemakesTest"/>
  <testcase name="getAPITestWithHeaders" time="0.56" classname="apitests.com.avlview.app.GETMethods.getvehiclemodelsTest"/>
  <testcase name="getAPITestWithHeaders" time="0.562" classname="apitests.com.avlview.app.GETMethods.getdevicesTest"/>
  <testcase name="getAPITestWithHeaders" time="0.584" classname="apitests.com.avlview.app.GETMethods.getvehicletypesTest"/>
  <testcase name="getAPITestWithHeaders" time="2.886" classname="apitests.com.avlview.app.GETMethods.gettimezonesTest"/>
  <testcase name="getAPITestWithHeaders" time="0.533" classname="apitests.com.avlview.app.GETMethods.getvehiclegroupsTest"/>
  <testcase name="getAPITestWithHeaders" time="0.826" classname="apitests.com.avlview.app.GETMethods.getdriversTest"/>
  <testcase name="getAPITestWithHeaders" time="0.906" classname="apitests.com.avlview.app.GETMethods.getvehiclesubscriptionsTest"/>
  <testcase name="getAPITestWithHeaders" time="0.835" classname="apitests.com.avlview.app.GETMethods.getavlcountrylistTest"/>
  <testcase name="getAPITestWithHeaders" time="0.577" classname="apitests.com.avlview.app.GETMethods.getplansTest"/>
  <testcase name="getAPITestWithHeaders" time="0.573" classname="apitests.com.avlview.app.GETMethods.getvehiclesURL"/>
  <testcase name="getAPITestWithHeaders" time="1.761" classname="apitests.com.avlview.app.GETMethods.getvehicleoverviewURL"/>
  <testcase name="getAPITestWithHeaders" time="0.604" classname="apitests.com.avlview.app.GETMethods.getvehiclesnapshotinaccountTest"/>
  <testcase name="getAPITestWithHeaders" time="0.58" classname="apitests.com.avlview.app.GETMethods.getstoppedvehiclesTest"/>
  <testcase name="getAPITestWithHeaders" time="0.562" classname="apitests.com.avlview.app.GETMethods.getmovingvehiclesTest"/>
  <testcase name="getAPITestWithHeaders" time="0.586" classname="apitests.com.avlview.app.GETMethods.getdisconnectedVehiclesTest"/>
  <testcase name="getAPITestWithHeaders" time="0.558" classname="apitests.com.avlview.app.GETMethods.getvehiclesoutofnetworkTest"/>
  <testcase name="getAPITestWithHeaders" time="61.037" classname="apitests.com.avlview.app.GETMethods.updateodometerTest"/>
  <testcase name="getAPITestWithHeaders" time="2.172" classname="apitests.com.avlview.app.GETMethods.getTransportationAlertsTest"/>
  <testcase name="getAPITestWithHeaders" time="1.971" classname="apitests.com.avlview.app.GETMethods.getVehicleRawDetailsTest"/>
  <testcase name="getAPITestWithHeaders" time="0.553" classname="apitests.com.avlview.app.GETMethods.getorgunitsTest"/>
</testsuite> <!-- Test -->
