<?xml version="1.0" encoding="UTF-8"?>
<testng-results skipped="0" failed="0" ignored="0" total="1" passed="1">
  <reporter-output>
  </reporter-output>
  <suite name="Default suite" duration-ms="3545" started-at="2019-03-01T10:56:14Z" finished-at="2019-03-01T10:56:17Z">
    <groups>
    </groups>
    <test name="Default test" duration-ms="3545" started-at="2019-03-01T10:56:14Z" finished-at="2019-03-01T10:56:17Z">
      <class name="apitests.com.avlview.app.POSTMethods.getSummaryReportTest">
        <test-method status="PASS" signature="setup()[pri:0, instance:apitests.com.avlview.app.POSTMethods.getSummaryReportTest@e2cbe0]" name="setup" is-config="true" duration-ms="26" started-at="2019-03-01T10:56:14Z" finished-at="2019-03-01T10:56:14Z">
          <reporter-output>
          </reporter-output>
        </test-method> <!-- setup -->
        <test-method status="PASS" signature="PostAPITest()[pri:0, instance:apitests.com.avlview.app.POSTMethods.getSummaryReportTest@e2cbe0]" name="PostAPITest" duration-ms="3452" started-at="2019-03-01T10:56:14Z" finished-at="2019-03-01T10:56:17Z">
          <reporter-output>
          </reporter-output>
        </test-method> <!-- PostAPITest -->
      </class> <!-- apitests.com.avlview.app.POSTMethods.getSummaryReportTest -->
    </test> <!-- Default test -->
  </suite> <!-- Default suite -->
</testng-results>
